2023-03-09 13:18:44,350 INFO org.springframework.boot.StartupInfoLogger [main] Starting MyshopApplication using Java 15.0.2 on DESKTOP-IV9SFPO with PID 23792 (C:\Users\Carlos\Desktop\sfddf\spring-web-master\myshop-ws-swagger2\target\classes started by Carlos in C:\Users\Carlos\Desktop\sfddf\spring-web-master\myshop-ws-swagger2)
2023-03-09 13:18:44,356 INFO org.springframework.boot.SpringApplication [main] No active profile set, falling back to default profiles: default
2023-03-09 13:18:45,744 INFO org.springframework.data.repository.config.RepositoryConfigurationDelegate [main] Bootstrapping Spring Data JPA repositories in DEFAULT mode.
2023-03-09 13:18:45,878 INFO org.springframework.data.repository.config.RepositoryConfigurationDelegate [main] Finished Spring Data repository scanning in 112 ms. Found 3 JPA repository interfaces.
2023-03-09 13:18:46,839 INFO org.springframework.boot.web.embedded.tomcat.TomcatWebServer [main] Tomcat initialized with port(s): 8081 (http)
2023-03-09 13:18:46,858 INFO org.apache.juli.logging.DirectJDKLog [main] Initializing ProtocolHandler ["http-nio-8081"]
2023-03-09 13:18:46,859 INFO org.apache.juli.logging.DirectJDKLog [main] Starting service [Tomcat]
2023-03-09 13:18:46,859 INFO org.apache.juli.logging.DirectJDKLog [main] Starting Servlet engine: [Apache Tomcat/9.0.43]
2023-03-09 13:18:47,069 INFO org.apache.juli.logging.DirectJDKLog [main] Initializing Spring embedded WebApplicationContext
2023-03-09 13:18:47,070 INFO org.springframework.boot.web.servlet.context.ServletWebServerApplicationContext [main] Root WebApplicationContext: initialization completed in 2608 ms
2023-03-09 13:18:47,511 INFO org.hibernate.jpa.internal.util.LogHelper [main] HHH000204: Processing PersistenceUnitInfo [name: default]
2023-03-09 13:18:47,602 INFO org.hibernate.Version [main] HHH000412: Hibernate ORM core version 5.4.28.Final
2023-03-09 13:18:47,776 INFO org.hibernate.annotations.common.reflection.java.JavaReflectionManager [main] HCANN000001: Hibernate Commons Annotations {5.1.2.Final}
2023-03-09 13:18:47,923 INFO com.zaxxer.hikari.HikariDataSource [main] HikariPool-1 - Starting...
2023-03-09 13:18:48,197 INFO com.zaxxer.hikari.HikariDataSource [main] HikariPool-1 - Start completed.
2023-03-09 13:18:48,245 INFO org.hibernate.dialect.Dialect [main] HHH000400: Using dialect: org.hibernate.dialect.MySQL55Dialect
2023-03-09 13:18:49,164 INFO org.hibernate.engine.transaction.jta.platform.internal.JtaPlatformInitiator [main] HHH000490: Using JtaPlatform implementation: [org.hibernate.engine.transaction.jta.platform.internal.NoJtaPlatform]
2023-03-09 13:18:49,173 INFO org.springframework.orm.jpa.AbstractEntityManagerFactoryBean [main] Initialized JPA EntityManagerFactory for persistence unit 'default'
2023-03-09 13:18:49,830 WARN org.springframework.boot.autoconfigure.orm.jpa.JpaBaseConfiguration$JpaWebConfiguration [main] spring.jpa.open-in-view is enabled by default. Therefore, database queries may be performed during view rendering. Explicitly configure spring.jpa.open-in-view to disable this warning
2023-03-09 13:18:49,945 INFO org.springframework.scheduling.concurrent.ExecutorConfigurationSupport [main] Initializing ExecutorService 'applicationTaskExecutor'
2023-03-09 13:18:51,012 INFO org.apache.juli.logging.DirectJDKLog [main] Starting ProtocolHandler ["http-nio-8081"]
2023-03-09 13:18:51,046 INFO org.springframework.boot.web.embedded.tomcat.TomcatWebServer [main] Tomcat started on port(s): 8081 (http) with context path ''
2023-03-09 13:18:51,059 INFO org.springframework.boot.StartupInfoLogger [main] Started MyshopApplication in 7.516 seconds (JVM running for 8.123)
2023-03-09 13:19:21,426 INFO org.apache.juli.logging.DirectJDKLog [http-nio-8081-exec-1] Initializing Spring DispatcherServlet 'dispatcherServlet'
2023-03-09 13:19:21,426 INFO org.springframework.web.servlet.FrameworkServlet [http-nio-8081-exec-1] Initializing Servlet 'dispatcherServlet'
2023-03-09 13:19:21,427 INFO org.springframework.web.servlet.FrameworkServlet [http-nio-8081-exec-1] Completed initialization in 1 ms
2023-03-09 13:19:21,917 INFO org.springdoc.api.AbstractOpenApiResource [http-nio-8081-exec-1] Init duration for springdoc-openapi is: 445 ms
2023-03-09 13:20:38,553 INFO com.sanvalero.myshop.controller.ProductController [http-nio-8081-exec-5] inicio getProducts
2023-03-09 13:20:38,673 INFO com.sanvalero.myshop.controller.ProductController [http-nio-8081-exec-5] fin getProducts
2023-03-09 13:21:06,285 WARN org.springframework.web.servlet.handler.AbstractHandlerExceptionResolver [http-nio-8081-exec-6] Resolved [org.springframework.http.converter.HttpMessageNotReadableException: JSON parse error: Cannot deserialize value of type `java.time.LocalDateTime` from String "2023-03-09T12:20:52.894Z": Failed to deserialize java.time.LocalDateTime: (java.time.format.DateTimeParseException) Text '2023-03-09T12:20:52.894Z' could not be parsed at index 2; nested exception is com.fasterxml.jackson.databind.exc.InvalidFormatException: Cannot deserialize value of type `java.time.LocalDateTime` from String "2023-03-09T12:20:52.894Z": Failed to deserialize java.time.LocalDateTime: (java.time.format.DateTimeParseException) Text '2023-03-09T12:20:52.894Z' could not be parsed at index 2
 at [Source: (PushbackInputStream); line: 1, column: 112] (through reference chain: com.sanvalero.myshop.domain.Product["creationDate"])]
2023-03-09 13:21:27,232 INFO com.sanvalero.myshop.controller.ProductController [http-nio-8081-exec-8] inicio getProducts
2023-03-09 13:21:27,238 INFO com.sanvalero.myshop.controller.ProductController [http-nio-8081-exec-8] fin getProducts
2023-03-09 13:30:17,659 INFO org.springframework.boot.StartupInfoLogger [main] Starting MyshopApplication using Java 15.0.2 on DESKTOP-IV9SFPO with PID 12044 (C:\Users\Carlos\Desktop\sfddf\spring-web-master\myshop-ws-swagger2\target\classes started by Carlos in C:\Users\Carlos\Desktop\sfddf\spring-web-master\myshop-ws-swagger2)
2023-03-09 13:30:17,663 INFO org.springframework.boot.SpringApplication [main] No active profile set, falling back to default profiles: default
2023-03-09 13:30:18,747 INFO org.springframework.data.repository.config.RepositoryConfigurationDelegate [main] Bootstrapping Spring Data JPA repositories in DEFAULT mode.
2023-03-09 13:30:18,853 INFO org.springframework.data.repository.config.RepositoryConfigurationDelegate [main] Finished Spring Data repository scanning in 87 ms. Found 3 JPA repository interfaces.
2023-03-09 13:30:19,687 INFO org.springframework.boot.web.embedded.tomcat.TomcatWebServer [main] Tomcat initialized with port(s): 8081 (http)
2023-03-09 13:30:19,702 INFO org.apache.juli.logging.DirectJDKLog [main] Initializing ProtocolHandler ["http-nio-8081"]
2023-03-09 13:30:19,703 INFO org.apache.juli.logging.DirectJDKLog [main] Starting service [Tomcat]
2023-03-09 13:30:19,703 INFO org.apache.juli.logging.DirectJDKLog [main] Starting Servlet engine: [Apache Tomcat/9.0.43]
2023-03-09 13:30:19,856 INFO org.apache.juli.logging.DirectJDKLog [main] Initializing Spring embedded WebApplicationContext
2023-03-09 13:30:19,856 INFO org.springframework.boot.web.servlet.context.ServletWebServerApplicationContext [main] Root WebApplicationContext: initialization completed in 2126 ms
2023-03-09 13:30:20,149 INFO org.hibernate.jpa.internal.util.LogHelper [main] HHH000204: Processing PersistenceUnitInfo [name: default]
2023-03-09 13:30:20,229 INFO org.hibernate.Version [main] HHH000412: Hibernate ORM core version 5.4.28.Final
2023-03-09 13:30:20,427 INFO org.hibernate.annotations.common.reflection.java.JavaReflectionManager [main] HCANN000001: Hibernate Commons Annotations {5.1.2.Final}
2023-03-09 13:30:20,564 INFO com.zaxxer.hikari.HikariDataSource [main] HikariPool-1 - Starting...
2023-03-09 13:30:20,784 INFO com.zaxxer.hikari.HikariDataSource [main] HikariPool-1 - Start completed.
2023-03-09 13:30:20,822 INFO org.hibernate.dialect.Dialect [main] HHH000400: Using dialect: org.hibernate.dialect.MySQL55Dialect
2023-03-09 13:30:21,713 INFO org.hibernate.engine.transaction.jta.platform.internal.JtaPlatformInitiator [main] HHH000490: Using JtaPlatform implementation: [org.hibernate.engine.transaction.jta.platform.internal.NoJtaPlatform]
2023-03-09 13:30:21,727 INFO org.springframework.orm.jpa.AbstractEntityManagerFactoryBean [main] Initialized JPA EntityManagerFactory for persistence unit 'default'
2023-03-09 13:30:22,409 WARN org.springframework.boot.autoconfigure.orm.jpa.JpaBaseConfiguration$JpaWebConfiguration [main] spring.jpa.open-in-view is enabled by default. Therefore, database queries may be performed during view rendering. Explicitly configure spring.jpa.open-in-view to disable this warning
2023-03-09 13:30:22,531 INFO org.springframework.scheduling.concurrent.ExecutorConfigurationSupport [main] Initializing ExecutorService 'applicationTaskExecutor'
2023-03-09 13:30:23,645 INFO org.apache.juli.logging.DirectJDKLog [main] Starting ProtocolHandler ["http-nio-8081"]
2023-03-09 13:30:23,683 INFO org.springframework.boot.web.embedded.tomcat.TomcatWebServer [main] Tomcat started on port(s): 8081 (http) with context path ''
2023-03-09 13:30:23,695 INFO org.springframework.boot.StartupInfoLogger [main] Started MyshopApplication in 6.626 seconds (JVM running for 7.181)
2023-03-09 13:30:31,934 INFO org.apache.juli.logging.DirectJDKLog [http-nio-8081-exec-1] Initializing Spring DispatcherServlet 'dispatcherServlet'
2023-03-09 13:30:31,935 INFO org.springframework.web.servlet.FrameworkServlet [http-nio-8081-exec-1] Initializing Servlet 'dispatcherServlet'
2023-03-09 13:30:31,937 INFO org.springframework.web.servlet.FrameworkServlet [http-nio-8081-exec-1] Completed initialization in 1 ms
2023-03-09 13:30:42,755 INFO org.springdoc.api.AbstractOpenApiResource [http-nio-8081-exec-2] Init duration for springdoc-openapi is: 479 ms
