2023-03-09 09:21:20,271 INFO org.springframework.boot.StartupInfoLogger [main] Starting MyshopApplication using Java 15.0.2 on DESKTOP-IV9SFPO with PID 22368 (C:\Users\Carlos\Desktop\spring-web-master\myshop-ws-swagger2\target\classes started by Carlos in C:\Users\Carlos\Desktop\spring-web-master\myshop-ws-swagger2)
2023-03-09 09:21:20,277 INFO org.springframework.boot.SpringApplication [main] No active profile set, falling back to default profiles: default
2023-03-09 09:21:21,269 INFO org.springframework.data.repository.config.RepositoryConfigurationDelegate [main] Bootstrapping Spring Data JPA repositories in DEFAULT mode.
2023-03-09 09:21:21,296 INFO org.springframework.data.repository.config.RepositoryConfigurationDelegate [main] Finished Spring Data repository scanning in 10 ms. Found 0 JPA repository interfaces.
2023-03-09 09:21:22,208 INFO org.springframework.boot.web.embedded.tomcat.TomcatWebServer [main] Tomcat initialized with port(s): 8081 (http)
2023-03-09 09:21:22,229 INFO org.apache.juli.logging.DirectJDKLog [main] Initializing ProtocolHandler ["http-nio-8081"]
2023-03-09 09:21:22,230 INFO org.apache.juli.logging.DirectJDKLog [main] Starting service [Tomcat]
2023-03-09 09:21:22,231 INFO org.apache.juli.logging.DirectJDKLog [main] Starting Servlet engine: [Apache Tomcat/9.0.43]
2023-03-09 09:21:22,407 INFO org.apache.juli.logging.DirectJDKLog [main] Initializing Spring embedded WebApplicationContext
2023-03-09 09:21:22,408 INFO org.springframework.boot.web.servlet.context.ServletWebServerApplicationContext [main] Root WebApplicationContext: initialization completed in 2064 ms
2023-03-09 09:21:22,677 INFO org.hibernate.jpa.internal.util.LogHelper [main] HHH000204: Processing PersistenceUnitInfo [name: default]
2023-03-09 09:21:22,739 INFO org.hibernate.Version [main] HHH000412: Hibernate ORM core version 5.4.28.Final
2023-03-09 09:21:22,903 INFO org.hibernate.annotations.common.reflection.java.JavaReflectionManager [main] HCANN000001: Hibernate Commons Annotations {5.1.2.Final}
2023-03-09 09:21:23,020 INFO com.zaxxer.hikari.HikariDataSource [main] HikariPool-1 - Starting...
2023-03-09 09:21:23,229 INFO com.zaxxer.hikari.HikariDataSource [main] HikariPool-1 - Start completed.
2023-03-09 09:21:23,261 INFO org.hibernate.dialect.Dialect [main] HHH000400: Using dialect: org.hibernate.dialect.MySQL55Dialect
2023-03-09 09:21:23,641 INFO org.hibernate.engine.transaction.jta.platform.internal.JtaPlatformInitiator [main] HHH000490: Using JtaPlatform implementation: [org.hibernate.engine.transaction.jta.platform.internal.NoJtaPlatform]
2023-03-09 09:21:23,661 INFO org.springframework.orm.jpa.AbstractEntityManagerFactoryBean [main] Initialized JPA EntityManagerFactory for persistence unit 'default'
2023-03-09 09:21:23,841 WARN org.springframework.boot.autoconfigure.orm.jpa.JpaBaseConfiguration$JpaWebConfiguration [main] spring.jpa.open-in-view is enabled by default. Therefore, database queries may be performed during view rendering. Explicitly configure spring.jpa.open-in-view to disable this warning
2023-03-09 09:21:23,963 INFO org.springframework.scheduling.concurrent.ExecutorConfigurationSupport [main] Initializing ExecutorService 'applicationTaskExecutor'
2023-03-09 09:21:24,977 INFO org.apache.juli.logging.DirectJDKLog [main] Starting ProtocolHandler ["http-nio-8081"]
2023-03-09 09:21:25,019 INFO org.springframework.boot.web.embedded.tomcat.TomcatWebServer [main] Tomcat started on port(s): 8081 (http) with context path ''
2023-03-09 09:21:25,032 INFO org.springframework.boot.StartupInfoLogger [main] Started MyshopApplication in 5.32 seconds (JVM running for 5.796)
2023-03-09 09:21:51,787 INFO org.apache.juli.logging.DirectJDKLog [http-nio-8081-exec-1] Initializing Spring DispatcherServlet 'dispatcherServlet'
2023-03-09 09:21:51,788 INFO org.springframework.web.servlet.FrameworkServlet [http-nio-8081-exec-1] Initializing Servlet 'dispatcherServlet'
2023-03-09 09:21:51,789 INFO org.springframework.web.servlet.FrameworkServlet [http-nio-8081-exec-1] Completed initialization in 1 ms
2023-03-09 09:22:03,707 INFO org.springdoc.api.AbstractOpenApiResource [http-nio-8081-exec-2] Init duration for springdoc-openapi is: 67 ms
2023-03-09 09:40:55,886 INFO org.springframework.boot.StartupInfoLogger [main] Starting MyshopApplication using Java 15.0.2 on DESKTOP-IV9SFPO with PID 19504 (C:\Users\Carlos\Desktop\spring-web-master\myshop-ws-swagger2\target\classes started by Carlos in C:\Users\Carlos\Desktop\spring-web-master\myshop-ws-swagger2)
2023-03-09 09:40:55,891 INFO org.springframework.boot.SpringApplication [main] No active profile set, falling back to default profiles: default
2023-03-09 09:40:56,893 INFO org.springframework.data.repository.config.RepositoryConfigurationDelegate [main] Bootstrapping Spring Data JPA repositories in DEFAULT mode.
2023-03-09 09:40:56,917 INFO org.springframework.data.repository.config.RepositoryConfigurationDelegate [main] Finished Spring Data repository scanning in 9 ms. Found 0 JPA repository interfaces.
2023-03-09 09:40:57,861 INFO org.springframework.boot.web.embedded.tomcat.TomcatWebServer [main] Tomcat initialized with port(s): 8081 (http)
2023-03-09 09:40:57,876 INFO org.apache.juli.logging.DirectJDKLog [main] Initializing ProtocolHandler ["http-nio-8081"]
2023-03-09 09:40:57,877 INFO org.apache.juli.logging.DirectJDKLog [main] Starting service [Tomcat]
2023-03-09 09:40:57,877 INFO org.apache.juli.logging.DirectJDKLog [main] Starting Servlet engine: [Apache Tomcat/9.0.43]
2023-03-09 09:40:58,023 INFO org.apache.juli.logging.DirectJDKLog [main] Initializing Spring embedded WebApplicationContext
2023-03-09 09:40:58,024 INFO org.springframework.boot.web.servlet.context.ServletWebServerApplicationContext [main] Root WebApplicationContext: initialization completed in 2070 ms
2023-03-09 09:40:58,305 INFO org.hibernate.jpa.internal.util.LogHelper [main] HHH000204: Processing PersistenceUnitInfo [name: default]
2023-03-09 09:40:58,374 INFO org.hibernate.Version [main] HHH000412: Hibernate ORM core version 5.4.28.Final
2023-03-09 09:40:58,534 INFO org.hibernate.annotations.common.reflection.java.JavaReflectionManager [main] HCANN000001: Hibernate Commons Annotations {5.1.2.Final}
2023-03-09 09:40:58,655 INFO com.zaxxer.hikari.HikariDataSource [main] HikariPool-1 - Starting...
2023-03-09 09:40:58,873 INFO com.zaxxer.hikari.HikariDataSource [main] HikariPool-1 - Start completed.
2023-03-09 09:40:58,910 INFO org.hibernate.dialect.Dialect [main] HHH000400: Using dialect: org.hibernate.dialect.MySQL55Dialect
2023-03-09 09:40:59,272 INFO org.hibernate.engine.transaction.jta.platform.internal.JtaPlatformInitiator [main] HHH000490: Using JtaPlatform implementation: [org.hibernate.engine.transaction.jta.platform.internal.NoJtaPlatform]
2023-03-09 09:40:59,285 INFO org.springframework.orm.jpa.AbstractEntityManagerFactoryBean [main] Initialized JPA EntityManagerFactory for persistence unit 'default'
2023-03-09 09:40:59,443 WARN org.springframework.boot.autoconfigure.orm.jpa.JpaBaseConfiguration$JpaWebConfiguration [main] spring.jpa.open-in-view is enabled by default. Therefore, database queries may be performed during view rendering. Explicitly configure spring.jpa.open-in-view to disable this warning
2023-03-09 09:40:59,560 INFO org.springframework.scheduling.concurrent.ExecutorConfigurationSupport [main] Initializing ExecutorService 'applicationTaskExecutor'
2023-03-09 09:41:00,634 INFO org.apache.juli.logging.DirectJDKLog [main] Starting ProtocolHandler ["http-nio-8081"]
2023-03-09 09:41:00,673 INFO org.springframework.boot.web.embedded.tomcat.TomcatWebServer [main] Tomcat started on port(s): 8081 (http) with context path ''
2023-03-09 09:41:00,686 INFO org.springframework.boot.StartupInfoLogger [main] Started MyshopApplication in 5.376 seconds (JVM running for 5.89)
2023-03-09 09:41:10,651 INFO org.apache.juli.logging.DirectJDKLog [http-nio-8081-exec-1] Initializing Spring DispatcherServlet 'dispatcherServlet'
2023-03-09 09:41:10,652 INFO org.springframework.web.servlet.FrameworkServlet [http-nio-8081-exec-1] Initializing Servlet 'dispatcherServlet'
2023-03-09 09:41:10,653 INFO org.springframework.web.servlet.FrameworkServlet [http-nio-8081-exec-1] Completed initialization in 1 ms
2023-03-09 09:41:22,384 INFO org.springdoc.api.AbstractOpenApiResource [http-nio-8081-exec-2] Init duration for springdoc-openapi is: 34 ms
2023-03-09 09:42:02,795 INFO org.springframework.boot.StartupInfoLogger [main] Starting MyshopApplication using Java 15.0.2 on DESKTOP-IV9SFPO with PID 14972 (C:\Users\Carlos\Desktop\spring-web-master\myshop-ws-swagger2\target\classes started by Carlos in C:\Users\Carlos\Desktop\spring-web-master\myshop-ws-swagger2)
2023-03-09 09:42:02,799 INFO org.springframework.boot.SpringApplication [main] No active profile set, falling back to default profiles: default
2023-03-09 09:42:15,221 INFO org.springframework.boot.StartupInfoLogger [main] Starting MyshopApplication using Java 15.0.2 on DESKTOP-IV9SFPO with PID 14964 (C:\Users\Carlos\Desktop\spring-web-master\myshop-ws-swagger2\target\classes started by Carlos in C:\Users\Carlos\Desktop\spring-web-master\myshop-ws-swagger2)
2023-03-09 09:42:15,226 INFO org.springframework.boot.SpringApplication [main] No active profile set, falling back to default profiles: default
2023-03-09 09:42:16,226 INFO org.springframework.data.repository.config.RepositoryConfigurationDelegate [main] Bootstrapping Spring Data JPA repositories in DEFAULT mode.
2023-03-09 09:42:16,248 INFO org.springframework.data.repository.config.RepositoryConfigurationDelegate [main] Finished Spring Data repository scanning in 9 ms. Found 0 JPA repository interfaces.
2023-03-09 09:42:17,086 INFO org.springframework.boot.web.embedded.tomcat.TomcatWebServer [main] Tomcat initialized with port(s): 8080 (http)
2023-03-09 09:42:17,102 INFO org.apache.juli.logging.DirectJDKLog [main] Initializing ProtocolHandler ["http-nio-8080"]
2023-03-09 09:42:17,103 INFO org.apache.juli.logging.DirectJDKLog [main] Starting service [Tomcat]
2023-03-09 09:42:17,104 INFO org.apache.juli.logging.DirectJDKLog [main] Starting Servlet engine: [Apache Tomcat/9.0.43]
2023-03-09 09:42:17,256 INFO org.apache.juli.logging.DirectJDKLog [main] Initializing Spring embedded WebApplicationContext
2023-03-09 09:42:17,256 INFO org.springframework.boot.web.servlet.context.ServletWebServerApplicationContext [main] Root WebApplicationContext: initialization completed in 1969 ms
2023-03-09 09:42:17,542 INFO org.hibernate.jpa.internal.util.LogHelper [main] HHH000204: Processing PersistenceUnitInfo [name: default]
2023-03-09 09:42:17,614 INFO org.hibernate.Version [main] HHH000412: Hibernate ORM core version 5.4.28.Final
2023-03-09 09:42:17,781 INFO org.hibernate.annotations.common.reflection.java.JavaReflectionManager [main] HCANN000001: Hibernate Commons Annotations {5.1.2.Final}
2023-03-09 09:42:17,896 INFO com.zaxxer.hikari.HikariDataSource [main] HikariPool-1 - Starting...
2023-03-09 09:42:18,125 INFO com.zaxxer.hikari.HikariDataSource [main] HikariPool-1 - Start completed.
2023-03-09 09:42:18,163 INFO org.hibernate.dialect.Dialect [main] HHH000400: Using dialect: org.hibernate.dialect.MySQL55Dialect
2023-03-09 09:42:18,539 INFO org.hibernate.engine.transaction.jta.platform.internal.JtaPlatformInitiator [main] HHH000490: Using JtaPlatform implementation: [org.hibernate.engine.transaction.jta.platform.internal.NoJtaPlatform]
2023-03-09 09:42:18,558 INFO org.springframework.orm.jpa.AbstractEntityManagerFactoryBean [main] Initialized JPA EntityManagerFactory for persistence unit 'default'
2023-03-09 09:42:18,728 WARN org.springframework.boot.autoconfigure.orm.jpa.JpaBaseConfiguration$JpaWebConfiguration [main] spring.jpa.open-in-view is enabled by default. Therefore, database queries may be performed during view rendering. Explicitly configure spring.jpa.open-in-view to disable this warning
2023-03-09 09:42:18,858 INFO org.springframework.scheduling.concurrent.ExecutorConfigurationSupport [main] Initializing ExecutorService 'applicationTaskExecutor'
2023-03-09 09:42:19,933 INFO org.apache.juli.logging.DirectJDKLog [main] Starting ProtocolHandler ["http-nio-8080"]
2023-03-09 09:42:19,967 INFO org.springframework.boot.web.embedded.tomcat.TomcatWebServer [main] Tomcat started on port(s): 8080 (http) with context path ''
2023-03-09 09:42:19,980 INFO org.springframework.boot.StartupInfoLogger [main] Started MyshopApplication in 5.326 seconds (JVM running for 5.809)
2023-03-09 09:42:38,431 INFO org.apache.juli.logging.DirectJDKLog [http-nio-8080-exec-1] Initializing Spring DispatcherServlet 'dispatcherServlet'
2023-03-09 09:42:38,432 INFO org.springframework.web.servlet.FrameworkServlet [http-nio-8080-exec-1] Initializing Servlet 'dispatcherServlet'
2023-03-09 09:42:38,434 INFO org.springframework.web.servlet.FrameworkServlet [http-nio-8080-exec-1] Completed initialization in 2 ms
2023-03-09 09:42:49,720 INFO org.springdoc.api.AbstractOpenApiResource [http-nio-8080-exec-6] Init duration for springdoc-openapi is: 38 ms
2023-03-09 09:46:59,856 INFO org.springframework.boot.StartupInfoLogger [main] Starting MyshopApplication using Java 15.0.2 on DESKTOP-IV9SFPO with PID 9576 (C:\Users\Carlos\Desktop\spring-web-master\myshop-ws-swagger2\target\classes started by Carlos in C:\Users\Carlos\Desktop\spring-web-master\myshop-ws-swagger2)
2023-03-09 09:46:59,861 INFO org.springframework.boot.SpringApplication [main] No active profile set, falling back to default profiles: default
2023-03-09 09:47:00,855 INFO org.springframework.data.repository.config.RepositoryConfigurationDelegate [main] Bootstrapping Spring Data JPA repositories in DEFAULT mode.
2023-03-09 09:47:00,876 INFO org.springframework.data.repository.config.RepositoryConfigurationDelegate [main] Finished Spring Data repository scanning in 8 ms. Found 0 JPA repository interfaces.
2023-03-09 09:47:01,760 INFO org.springframework.boot.web.embedded.tomcat.TomcatWebServer [main] Tomcat initialized with port(s): 8080 (http)
2023-03-09 09:47:01,773 INFO org.apache.juli.logging.DirectJDKLog [main] Initializing ProtocolHandler ["http-nio-8080"]
2023-03-09 09:47:01,774 INFO org.apache.juli.logging.DirectJDKLog [main] Starting service [Tomcat]
2023-03-09 09:47:01,774 INFO org.apache.juli.logging.DirectJDKLog [main] Starting Servlet engine: [Apache Tomcat/9.0.43]
2023-03-09 09:47:01,914 INFO org.apache.juli.logging.DirectJDKLog [main] Initializing Spring embedded WebApplicationContext
2023-03-09 09:47:01,914 INFO org.springframework.boot.web.servlet.context.ServletWebServerApplicationContext [main] Root WebApplicationContext: initialization completed in 1977 ms
2023-03-09 09:47:02,206 INFO org.hibernate.jpa.internal.util.LogHelper [main] HHH000204: Processing PersistenceUnitInfo [name: default]
2023-03-09 09:47:02,282 INFO org.hibernate.Version [main] HHH000412: Hibernate ORM core version 5.4.28.Final
2023-03-09 09:47:02,470 INFO org.hibernate.annotations.common.reflection.java.JavaReflectionManager [main] HCANN000001: Hibernate Commons Annotations {5.1.2.Final}
2023-03-09 09:47:02,576 INFO com.zaxxer.hikari.HikariDataSource [main] HikariPool-1 - Starting...
2023-03-09 09:47:02,796 INFO com.zaxxer.hikari.HikariDataSource [main] HikariPool-1 - Start completed.
2023-03-09 09:47:02,833 INFO org.hibernate.dialect.Dialect [main] HHH000400: Using dialect: org.hibernate.dialect.MySQL55Dialect
2023-03-09 09:47:03,174 INFO org.hibernate.engine.transaction.jta.platform.internal.JtaPlatformInitiator [main] HHH000490: Using JtaPlatform implementation: [org.hibernate.engine.transaction.jta.platform.internal.NoJtaPlatform]
2023-03-09 09:47:03,187 INFO org.springframework.orm.jpa.AbstractEntityManagerFactoryBean [main] Initialized JPA EntityManagerFactory for persistence unit 'default'
2023-03-09 09:47:03,336 WARN org.springframework.boot.autoconfigure.orm.jpa.JpaBaseConfiguration$JpaWebConfiguration [main] spring.jpa.open-in-view is enabled by default. Therefore, database queries may be performed during view rendering. Explicitly configure spring.jpa.open-in-view to disable this warning
2023-03-09 09:47:03,456 INFO org.springframework.scheduling.concurrent.ExecutorConfigurationSupport [main] Initializing ExecutorService 'applicationTaskExecutor'
2023-03-09 09:47:04,533 INFO org.apache.juli.logging.DirectJDKLog [main] Starting ProtocolHandler ["http-nio-8080"]
2023-03-09 09:47:04,567 INFO org.springframework.boot.web.embedded.tomcat.TomcatWebServer [main] Tomcat started on port(s): 8080 (http) with context path ''
2023-03-09 09:47:04,580 INFO org.springframework.boot.StartupInfoLogger [main] Started MyshopApplication in 5.294 seconds (JVM running for 5.778)
