2023-02-03 08:39:56,856 INFO org.springframework.boot.StartupInfoLogger [main] Starting MyshopApplication using Java 15.0.2 on DESKTOP-IV9SFPO with PID 13828 (C:\Users\Carlos\Desktop\spring-web-master\myshop-ws-swagger2\target\classes started by Carlos in C:\Users\Carlos\Desktop\spring-web-master\myshop-ws-swagger2)
2023-02-03 08:39:56,875 INFO org.springframework.boot.SpringApplication [main] No active profile set, falling back to default profiles: default
2023-02-03 08:39:59,990 INFO org.springframework.data.repository.config.RepositoryConfigurationDelegate [main] Bootstrapping Spring Data JPA repositories in DEFAULT mode.
2023-02-03 08:40:00,252 INFO org.springframework.data.repository.config.RepositoryConfigurationDelegate [main] Finished Spring Data repository scanning in 206 ms. Found 3 JPA repository interfaces.
2023-02-03 08:40:02,772 INFO org.springframework.boot.web.embedded.tomcat.TomcatWebServer [main] Tomcat initialized with port(s): 8081 (http)
2023-02-03 08:40:02,800 INFO org.apache.juli.logging.DirectJDKLog [main] Initializing ProtocolHandler ["http-nio-8081"]
2023-02-03 08:40:02,802 INFO org.apache.juli.logging.DirectJDKLog [main] Starting service [Tomcat]
2023-02-03 08:40:02,803 INFO org.apache.juli.logging.DirectJDKLog [main] Starting Servlet engine: [Apache Tomcat/9.0.43]
2023-02-03 08:40:03,397 INFO org.apache.juli.logging.DirectJDKLog [main] Initializing Spring embedded WebApplicationContext
2023-02-03 08:40:03,398 INFO org.springframework.boot.web.servlet.context.ServletWebServerApplicationContext [main] Root WebApplicationContext: initialization completed in 6282 ms
2023-02-03 08:40:04,233 INFO org.hibernate.jpa.internal.util.LogHelper [main] HHH000204: Processing PersistenceUnitInfo [name: default]
2023-02-03 08:40:04,397 INFO org.hibernate.Version [main] HHH000412: Hibernate ORM core version 5.4.28.Final
2023-02-03 08:40:04,874 INFO org.hibernate.annotations.common.reflection.java.JavaReflectionManager [main] HCANN000001: Hibernate Commons Annotations {5.1.2.Final}
2023-02-03 08:40:05,175 INFO com.zaxxer.hikari.HikariDataSource [main] HikariPool-1 - Starting...
2023-02-03 08:40:05,605 INFO com.zaxxer.hikari.HikariDataSource [main] HikariPool-1 - Start completed.
2023-02-03 08:40:05,693 INFO org.hibernate.dialect.Dialect [main] HHH000400: Using dialect: org.hibernate.dialect.MySQL55Dialect
2023-02-03 08:40:07,549 INFO org.springframework.boot.StartupInfoLogger [main] Starting MyshopApplication using Java 15.0.2 on DESKTOP-IV9SFPO with PID 12104 (C:\Users\Carlos\Desktop\spring-web-master\myshop-ws-swagger2\target\classes started by Carlos in C:\Users\Carlos\Desktop\spring-web-master\myshop-ws-swagger2)
2023-02-03 08:40:07,556 INFO org.springframework.boot.SpringApplication [main] No active profile set, falling back to default profiles: default
2023-02-03 08:40:07,695 INFO org.hibernate.engine.transaction.jta.platform.internal.JtaPlatformInitiator [main] HHH000490: Using JtaPlatform implementation: [org.hibernate.engine.transaction.jta.platform.internal.NoJtaPlatform]
2023-02-03 08:40:07,715 INFO org.springframework.orm.jpa.AbstractEntityManagerFactoryBean [main] Initialized JPA EntityManagerFactory for persistence unit 'default'
2023-02-03 08:40:09,050 WARN org.springframework.boot.autoconfigure.orm.jpa.JpaBaseConfiguration$JpaWebConfiguration [main] spring.jpa.open-in-view is enabled by default. Therefore, database queries may be performed during view rendering. Explicitly configure spring.jpa.open-in-view to disable this warning
2023-02-03 08:40:09,265 INFO org.springframework.scheduling.concurrent.ExecutorConfigurationSupport [main] Initializing ExecutorService 'applicationTaskExecutor'
2023-02-03 08:40:09,701 INFO org.springframework.data.repository.config.RepositoryConfigurationDelegate [main] Bootstrapping Spring Data JPA repositories in DEFAULT mode.
2023-02-03 08:40:09,874 INFO org.springframework.data.repository.config.RepositoryConfigurationDelegate [main] Finished Spring Data repository scanning in 150 ms. Found 3 JPA repository interfaces.
2023-02-03 08:40:11,001 INFO org.apache.juli.logging.DirectJDKLog [main] Starting ProtocolHandler ["http-nio-8081"]
2023-02-03 08:40:11,058 INFO org.springframework.boot.web.embedded.tomcat.TomcatWebServer [main] Tomcat started on port(s): 8081 (http) with context path ''
2023-02-03 08:40:11,161 INFO org.springframework.boot.StartupInfoLogger [main] Started MyshopApplication in 15.832 seconds (JVM running for 17.596)
2023-02-03 08:40:11,788 INFO org.springframework.boot.web.embedded.tomcat.TomcatWebServer [main] Tomcat initialized with port(s): 8081 (http)
2023-02-03 08:40:11,810 INFO org.apache.juli.logging.DirectJDKLog [main] Initializing ProtocolHandler ["http-nio-8081"]
2023-02-03 08:40:11,811 INFO org.apache.juli.logging.DirectJDKLog [main] Starting service [Tomcat]
2023-02-03 08:40:11,812 INFO org.apache.juli.logging.DirectJDKLog [main] Starting Servlet engine: [Apache Tomcat/9.0.43]
2023-02-03 08:40:12,060 INFO org.apache.juli.logging.DirectJDKLog [main] Initializing Spring embedded WebApplicationContext
2023-02-03 08:40:12,061 INFO org.springframework.boot.web.servlet.context.ServletWebServerApplicationContext [main] Root WebApplicationContext: initialization completed in 4397 ms
2023-02-03 08:40:12,483 INFO org.hibernate.jpa.internal.util.LogHelper [main] HHH000204: Processing PersistenceUnitInfo [name: default]
2023-02-03 08:40:12,581 INFO org.hibernate.Version [main] HHH000412: Hibernate ORM core version 5.4.28.Final
2023-02-03 08:40:12,863 INFO org.hibernate.annotations.common.reflection.java.JavaReflectionManager [main] HCANN000001: Hibernate Commons Annotations {5.1.2.Final}
2023-02-03 08:40:13,091 INFO com.zaxxer.hikari.HikariDataSource [main] HikariPool-1 - Starting...
2023-02-03 08:40:13,408 INFO com.zaxxer.hikari.HikariDataSource [main] HikariPool-1 - Start completed.
2023-02-03 08:40:13,485 INFO org.hibernate.dialect.Dialect [main] HHH000400: Using dialect: org.hibernate.dialect.MySQL55Dialect
2023-02-03 08:40:14,921 INFO org.hibernate.engine.transaction.jta.platform.internal.JtaPlatformInitiator [main] HHH000490: Using JtaPlatform implementation: [org.hibernate.engine.transaction.jta.platform.internal.NoJtaPlatform]
2023-02-03 08:40:14,939 INFO org.springframework.orm.jpa.AbstractEntityManagerFactoryBean [main] Initialized JPA EntityManagerFactory for persistence unit 'default'
2023-02-03 08:40:15,800 WARN org.springframework.boot.autoconfigure.orm.jpa.JpaBaseConfiguration$JpaWebConfiguration [main] spring.jpa.open-in-view is enabled by default. Therefore, database queries may be performed during view rendering. Explicitly configure spring.jpa.open-in-view to disable this warning
2023-02-03 08:40:15,942 INFO org.springframework.scheduling.concurrent.ExecutorConfigurationSupport [main] Initializing ExecutorService 'applicationTaskExecutor'
2023-02-03 08:40:17,294 INFO org.apache.juli.logging.DirectJDKLog [main] Starting ProtocolHandler ["http-nio-8081"]
2023-02-03 08:40:17,323 WARN org.springframework.context.support.AbstractApplicationContext [main] Exception encountered during context initialization - cancelling refresh attempt: org.springframework.context.ApplicationContextException: Failed to start bean 'webServerStartStop'; nested exception is org.springframework.boot.web.server.PortInUseException: Port 8081 is already in use
2023-02-03 08:40:17,325 INFO org.springframework.scheduling.concurrent.ExecutorConfigurationSupport [main] Shutting down ExecutorService 'applicationTaskExecutor'
2023-02-03 08:40:17,328 INFO org.springframework.orm.jpa.AbstractEntityManagerFactoryBean [main] Closing JPA EntityManagerFactory for persistence unit 'default'
2023-02-03 08:40:17,332 INFO com.zaxxer.hikari.HikariDataSource [main] HikariPool-1 - Shutdown initiated...
2023-02-03 08:40:17,349 INFO com.zaxxer.hikari.HikariDataSource [main] HikariPool-1 - Shutdown completed.
2023-02-03 08:40:17,353 INFO org.apache.juli.logging.DirectJDKLog [main] Pausing ProtocolHandler ["http-nio-8081"]
2023-02-03 08:40:17,354 INFO org.apache.juli.logging.DirectJDKLog [main] Stopping service [Tomcat]
2023-02-03 08:40:17,361 INFO org.apache.juli.logging.DirectJDKLog [main] Stopping ProtocolHandler ["http-nio-8081"]
2023-02-03 08:40:17,361 INFO org.apache.juli.logging.DirectJDKLog [main] Destroying ProtocolHandler ["http-nio-8081"]
2023-02-03 08:40:17,373 INFO org.springframework.boot.autoconfigure.logging.ConditionEvaluationReportLoggingListener [main] 

Error starting ApplicationContext. To display the conditions report re-run your application with 'debug' enabled.
2023-02-03 08:40:17,406 ERROR org.springframework.boot.diagnostics.LoggingFailureAnalysisReporter [main] 

***************************
APPLICATION FAILED TO START
***************************

Description:

Web server failed to start. Port 8081 was already in use.

Action:

Identify and stop the process that's listening on port 8081 or configure this application to listen on another port.

